PROYECTOS_CLASE/app/build/intermediates/manifest_merge_blame_file/debug/processDebugMainManifest/manifest-merger-blame-debug-report.txt
1<?xml version="1.0" encoding="utf-8"?>
2<manifest xmlns:android="http://schemas.android.com/apk/res/android"
3    package="com.example.todolist"
4    android:versionCode="1"
5    android:versionName="1.0" >
6
7    <uses-sdk
8        android:minSdkVersion="24"
9        android:targetSdkVersion="34" />
10
11    <!--
12    This is needed to write benchmark report data to an external directory during instrumented
13    tests to allow the accompanying androidx.benchmark gradle plugin to pull the reports onto host
14     machine after the tests are done running.
15    -->
16    <uses-permission android:name="android.permission.WRITE_EXTERNAL_STORAGE" />
16-->[androidx.benchmark:benchmark-common:1.3.3] AndroidManifest.xml:27:5-81
16-->[androidx.benchmark:benchmark-common:1.3.3] AndroidManifest.xml:27:22-78
17    <uses-permission android:name="android.permission.READ_EXTERNAL_STORAGE" />
18    <uses-permission android:name="android.permission.QUERY_ALL_PACKAGES" />
18-->[androidx.benchmark:benchmark-macro:1.3.3] AndroidManifest.xml:23:5-25:53
18-->[androidx.benchmark:benchmark-macro:1.3.3] AndroidManifest.xml:24:9-61
19    <!--
20         Internet permission is required for perfetto trace shell processor http server but
21        it's used to reach localhost only
22    -->
23    <uses-permission android:name="android.permission.INTERNET" />
23-->[androidx.benchmark:benchmark-macro:1.3.3] AndroidManifest.xml:31:5-67
23-->[androidx.benchmark:benchmark-macro:1.3.3] AndroidManifest.xml:31:22-64
24    <uses-permission android:name="android.permission.REORDER_TASKS" />
24-->[androidx.test:core:1.6.1] AndroidManifest.xml:24:5-72
24-->[androidx.test:core:1.6.1] AndroidManifest.xml:24:22-69
25
26    <permission
26-->[androidx.core:core:1.13.1] AndroidManifest.xml:22:5-24:47
27        android:name="com.example.todolist.DYNAMIC_RECEIVER_NOT_EXPORTED_PERMISSION"
27-->[androidx.core:core:1.13.1] AndroidManifest.xml:23:9-81
28        android:protectionLevel="signature" />
28-->[androidx.core:core:1.13.1] AndroidManifest.xml:24:9-44
29
30    <uses-permission android:name="com.example.todolist.DYNAMIC_RECEIVER_NOT_EXPORTED_PERMISSION" />
30-->[androidx.core:core:1.13.1] AndroidManifest.xml:26:5-97
30-->[androidx.core:core:1.13.1] AndroidManifest.xml:26:22-94
31
32    <application
32-->src\main\AndroidManifest.xml:5:5-26:19
33        android:allowBackup="true"
33-->src\main\AndroidManifest.xml:6:9-35
34        android:appComponentFactory="androidx.core.app.CoreComponentFactory"
34-->[androidx.core:core:1.13.1] AndroidManifest.xml:28:18-86
35        android:dataExtractionRules="@xml/data_extraction_rules"
35-->src\main\AndroidManifest.xml:7:9-65
36        android:debuggable="true"
37        android:extractNativeLibs="false"
38        android:fullBackupContent="@xml/backup_rules"
38-->src\main\AndroidManifest.xml:8:9-54
39        android:icon="@mipmap/ic_launcher"
39-->src\main\AndroidManifest.xml:9:9-43
40        android:label="@string/app_name"
40-->src\main\AndroidManifest.xml:10:9-41
41        android:networkSecurityConfig="@xml/network_security_config"
41-->[androidx.benchmark:benchmark-macro:1.3.3] AndroidManifest.xml:42:18-78
42        android:roundIcon="@mipmap/ic_launcher_round"
42-->src\main\AndroidManifest.xml:11:9-54
43        android:supportsRtl="true"
43-->src\main\AndroidManifest.xml:12:9-35
44        android:theme="@style/Theme.TodoList" >
44-->src\main\AndroidManifest.xml:13:9-46
45        <activity
45-->src\main\AndroidManifest.xml:15:9-25:20
46            android:name="com.example.todolist.MainActivity"
46-->src\main\AndroidManifest.xml:16:13-41
47            android:exported="true"
47-->src\main\AndroidManifest.xml:17:13-36
48            android:label="@string/app_name"
48-->src\main\AndroidManifest.xml:18:13-45
49            android:theme="@style/Theme.TodoList" >
49-->src\main\AndroidManifest.xml:19:13-50
50            <intent-filter>
50-->src\main\AndroidManifest.xml:20:13-24:29
51                <action android:name="android.intent.action.MAIN" />
51-->src\main\AndroidManifest.xml:21:17-69
51-->src\main\AndroidManifest.xml:21:25-66
52
53                <category android:name="android.intent.category.LAUNCHER" />
53-->src\main\AndroidManifest.xml:23:17-77
53-->src\main\AndroidManifest.xml:23:27-74
54            </intent-filter>
55        </activity>
56        <activity
56-->[androidx.compose.ui:ui-tooling-android:1.6.6] AndroidManifest.xml:23:9-25:39
57            android:name="androidx.compose.ui.tooling.PreviewActivity"
57-->[androidx.compose.ui:ui-tooling-android:1.6.6] AndroidManifest.xml:24:13-71
58            android:exported="true" />
58-->[androidx.compose.ui:ui-tooling-android:1.6.6] AndroidManifest.xml:25:13-36
59        <activity
59-->[androidx.compose.ui:ui-test-manifest:1.6.6] AndroidManifest.xml:23:9-25:39
60            android:name="androidx.activity.ComponentActivity"
60-->[androidx.compose.ui:ui-test-manifest:1.6.6] AndroidManifest.xml:24:13-63
61            android:exported="true" /> <!-- Activity used to block background content while benchmarks are running -->
61-->[androidx.compose.ui:ui-test-manifest:1.6.6] AndroidManifest.xml:25:13-36
62        <activity
62-->[androidx.benchmark:benchmark-common:1.3.3] AndroidManifest.xml:32:9-36:20
63            android:name="androidx.benchmark.IsolationActivity"
63-->[androidx.benchmark:benchmark-common:1.3.3] AndroidManifest.xml:33:13-64
64            android:exported="true"
64-->[androidx.benchmark:benchmark-common:1.3.3] AndroidManifest.xml:34:13-36
65            android:theme="@android:style/Theme.Light.NoTitleBar.Fullscreen" >
65-->[androidx.benchmark:benchmark-common:1.3.3] AndroidManifest.xml:35:13-77
66        </activity>
67        <activity
67-->[androidx.test:core:1.6.1] AndroidManifest.xml:27:9-34:20
68            android:name="androidx.test.core.app.InstrumentationActivityInvoker$BootstrapActivity"
68-->[androidx.test:core:1.6.1] AndroidManifest.xml:28:13-99
69            android:exported="true"
69-->[androidx.test:core:1.6.1] AndroidManifest.xml:29:13-36
70            android:theme="@style/WhiteBackgroundTheme" >
70-->[androidx.test:core:1.6.1] AndroidManifest.xml:30:13-56
71            <intent-filter android:priority="-100" >
71-->[androidx.test:core:1.6.1] AndroidManifest.xml:31:13-33:29
71-->[androidx.test:core:1.6.1] AndroidManifest.xml:31:28-51
72                <category android:name="android.intent.category.LAUNCHER" />
72-->src\main\AndroidManifest.xml:23:17-77
72-->src\main\AndroidManifest.xml:23:27-74
73            </intent-filter>
74        </activity>
75        <activity
75-->[androidx.test:core:1.6.1] AndroidManifest.xml:35:9-42:20
76            android:name="androidx.test.core.app.InstrumentationActivityInvoker$EmptyActivity"
76-->[androidx.test:core:1.6.1] AndroidManifest.xml:36:13-95
77            android:exported="true"
77-->[androidx.test:core:1.6.1] AndroidManifest.xml:37:13-36
78            android:theme="@style/WhiteBackgroundTheme" >
78-->[androidx.test:core:1.6.1] AndroidManifest.xml:38:13-56
79            <intent-filter android:priority="-100" >
79-->[androidx.test:core:1.6.1] AndroidManifest.xml:31:13-33:29
79-->[androidx.test:core:1.6.1] AndroidManifest.xml:31:28-51
80                <category android:name="android.intent.category.LAUNCHER" />
80-->src\main\AndroidManifest.xml:23:17-77
80-->src\main\AndroidManifest.xml:23:27-74
81            </intent-filter>
82        </activity>
83        <activity
83-->[androidx.test:core:1.6.1] AndroidManifest.xml:43:9-50:20
84            android:name="androidx.test.core.app.InstrumentationActivityInvoker$EmptyFloatingActivity"
84-->[androidx.test:core:1.6.1] AndroidManifest.xml:44:13-103
85            android:exported="true"
85-->[androidx.test:core:1.6.1] AndroidManifest.xml:45:13-36
86            android:theme="@style/WhiteBackgroundDialogTheme" >
86-->[androidx.test:core:1.6.1] AndroidManifest.xml:46:13-62
87            <intent-filter android:priority="-100" >
87-->[androidx.test:core:1.6.1] AndroidManifest.xml:31:13-33:29
87-->[androidx.test:core:1.6.1] AndroidManifest.xml:31:28-51
88                <category android:name="android.intent.category.LAUNCHER" />
88-->src\main\AndroidManifest.xml:23:17-77
88-->src\main\AndroidManifest.xml:23:27-74
89            </intent-filter>
90        </activity>
91
92        <provider
92-->[androidx.emoji2:emoji2:1.3.0] AndroidManifest.xml:24:9-32:20
93            android:name="androidx.startup.InitializationProvider"
93-->[androidx.emoji2:emoji2:1.3.0] AndroidManifest.xml:25:13-67
94            android:authorities="com.example.todolist.androidx-startup"
94-->[androidx.emoji2:emoji2:1.3.0] AndroidManifest.xml:26:13-68
95            android:exported="false" >
95-->[androidx.emoji2:emoji2:1.3.0] AndroidManifest.xml:27:13-37
96            <meta-data
96-->[androidx.emoji2:emoji2:1.3.0] AndroidManifest.xml:29:13-31:52
97                android:name="androidx.emoji2.text.EmojiCompatInitializer"
97-->[androidx.emoji2:emoji2:1.3.0] AndroidManifest.xml:30:17-75
98                android:value="androidx.startup" />
98-->[androidx.emoji2:emoji2:1.3.0] AndroidManifest.xml:31:17-49
99            <meta-data
99-->[androidx.lifecycle:lifecycle-process:2.8.6] AndroidManifest.xml:29:13-31:52
100                android:name="androidx.lifecycle.ProcessLifecycleInitializer"
100-->[androidx.lifecycle:lifecycle-process:2.8.6] AndroidManifest.xml:30:17-78
101                android:value="androidx.startup" />
101-->[androidx.lifecycle:lifecycle-process:2.8.6] AndroidManifest.xml:31:17-49
102            <meta-data
102-->[androidx.tracing:tracing-perfetto:1.0.0] AndroidManifest.xml:44:13-46:52
103                android:name="androidx.tracing.perfetto.StartupTracingInitializer"
103-->[androidx.tracing:tracing-perfetto:1.0.0] AndroidManifest.xml:45:17-83
104                android:value="androidx.startup" />
104-->[androidx.tracing:tracing-perfetto:1.0.0] AndroidManifest.xml:46:17-49
105            <meta-data
105-->[androidx.profileinstaller:profileinstaller:1.3.1] AndroidManifest.xml:29:13-31:52
106                android:name="androidx.profileinstaller.ProfileInstallerInitializer"
106-->[androidx.profileinstaller:profileinstaller:1.3.1] AndroidManifest.xml:30:17-85
107                android:value="androidx.startup" />
107-->[androidx.profileinstaller:profileinstaller:1.3.1] AndroidManifest.xml:31:17-49
108        </provider>
109
110        <receiver
110-->[androidx.tracing:tracing-perfetto:1.0.0] AndroidManifest.xml:24:9-37:20
111            android:name="androidx.tracing.perfetto.TracingReceiver"
111-->[androidx.tracing:tracing-perfetto:1.0.0] AndroidManifest.xml:25:13-69
112            android:directBootAware="false"
112-->[androidx.tracing:tracing-perfetto:1.0.0] AndroidManifest.xml:26:13-44
113            android:enabled="true"
113-->[androidx.tracing:tracing-perfetto:1.0.0] AndroidManifest.xml:27:13-35
114            android:exported="true"
114-->[androidx.tracing:tracing-perfetto:1.0.0] AndroidManifest.xml:28:13-36
115            android:permission="android.permission.DUMP" >
115-->[androidx.tracing:tracing-perfetto:1.0.0] AndroidManifest.xml:29:13-57
116
117            <!-- Note: DUMP above highly limits who can call the receiver; Shell has DUMP perm. -->
118            <intent-filter>
118-->[androidx.tracing:tracing-perfetto:1.0.0] AndroidManifest.xml:32:13-36:29
119                <action android:name="androidx.tracing.perfetto.action.ENABLE_TRACING" />
119-->[androidx.tracing:tracing-perfetto:1.0.0] AndroidManifest.xml:33:17-90
119-->[androidx.tracing:tracing-perfetto:1.0.0] AndroidManifest.xml:33:25-87
120                <action android:name="androidx.tracing.perfetto.action.ENABLE_TRACING_COLD_START" />
120-->[androidx.tracing:tracing-perfetto:1.0.0] AndroidManifest.xml:34:17-101
120-->[androidx.tracing:tracing-perfetto:1.0.0] AndroidManifest.xml:34:25-98
121                <action android:name="androidx.tracing.perfetto.action.DISABLE_TRACING_COLD_START" />
121-->[androidx.tracing:tracing-perfetto:1.0.0] AndroidManifest.xml:35:17-102
121-->[androidx.tracing:tracing-perfetto:1.0.0] AndroidManifest.xml:35:25-99
122            </intent-filter>
123        </receiver>
124        <receiver
124-->[androidx.tracing:tracing-perfetto:1.0.0] AndroidManifest.xml:49:9-55:20
125            android:name="androidx.tracing.perfetto.StartupTracingConfigStoreIsEnabledGate"
125-->[androidx.tracing:tracing-perfetto:1.0.0] AndroidManifest.xml:50:13-92
126            android:directBootAware="false"
126-->[androidx.tracing:tracing-perfetto:1.0.0] AndroidManifest.xml:51:13-44
127            android:enabled="false"
127-->[androidx.tracing:tracing-perfetto:1.0.0] AndroidManifest.xml:52:13-36
128            android:exported="false" >
128-->[androidx.tracing:tracing-perfetto:1.0.0] AndroidManifest.xml:53:13-37
129        </receiver>
130        <receiver
130-->[androidx.profileinstaller:profileinstaller:1.3.1] AndroidManifest.xml:34:9-52:20
131            android:name="androidx.profileinstaller.ProfileInstallReceiver"
131-->[androidx.profileinstaller:profileinstaller:1.3.1] AndroidManifest.xml:35:13-76
132            android:directBootAware="false"
132-->[androidx.profileinstaller:profileinstaller:1.3.1] AndroidManifest.xml:36:13-44
133            android:enabled="true"
133-->[androidx.profileinstaller:profileinstaller:1.3.1] AndroidManifest.xml:37:13-35
134            android:exported="true"
134-->[androidx.profileinstaller:profileinstaller:1.3.1] AndroidManifest.xml:38:13-36
135            android:permission="android.permission.DUMP" >
135-->[androidx.profileinstaller:profileinstaller:1.3.1] AndroidManifest.xml:39:13-57
136            <intent-filter>
136-->[androidx.profileinstaller:profileinstaller:1.3.1] AndroidManifest.xml:40:13-42:29
137                <action android:name="androidx.profileinstaller.action.INSTALL_PROFILE" />
137-->[androidx.profileinstaller:profileinstaller:1.3.1] AndroidManifest.xml:41:17-91
137-->[androidx.profileinstaller:profileinstaller:1.3.1] AndroidManifest.xml:41:25-88
138            </intent-filter>
139            <intent-filter>
139-->[androidx.profileinstaller:profileinstaller:1.3.1] AndroidManifest.xml:43:13-45:29
140                <action android:name="androidx.profileinstaller.action.SKIP_FILE" />
140-->[androidx.profileinstaller:profileinstaller:1.3.1] AndroidManifest.xml:44:17-85
140-->[androidx.profileinstaller:profileinstaller:1.3.1] AndroidManifest.xml:44:25-82
141            </intent-filter>
142            <intent-filter>
142-->[androidx.profileinstaller:profileinstaller:1.3.1] AndroidManifest.xml:46:13-48:29
143                <action android:name="androidx.profileinstaller.action.SAVE_PROFILE" />
143-->[androidx.profileinstaller:profileinstaller:1.3.1] AndroidManifest.xml:47:17-88
143-->[androidx.profileinstaller:profileinstaller:1.3.1] AndroidManifest.xml:47:25-85
144            </intent-filter>
145            <intent-filter>
145-->[androidx.profileinstaller:profileinstaller:1.3.1] AndroidManifest.xml:49:13-51:29
146                <action android:name="androidx.profileinstaller.action.BENCHMARK_OPERATION" />
146-->[androidx.profileinstaller:profileinstaller:1.3.1] AndroidManifest.xml:50:17-95
146-->[androidx.profileinstaller:profileinstaller:1.3.1] AndroidManifest.xml:50:25-92
147            </intent-filter>
148        </receiver>
149    </application>
150
151</manifest>